<?xml version="1.0" encoding="UTF-8"?>
<!-- Generated by org.testng.reporters.JUnitReportReporter -->
<testsuite skipped="0" hostname="DESKTOP-TKT76RQ" name="com.qa.testCases.PostAddTest" tests="1" failures="0" timestamp="18 Feb 2019 05:57:59 GMT" time="65.999" errors="0">
  <testcase name="postAddTest" time="65.999" classname="com.qa.testCases.PostAddTest"/>
</testsuite> <!-- com.qa.testCases.PostAddTest -->
